<?xml version="1.0" encoding="UTF-8"?>
<testng-results skipped="0" failed="0" total="1" passed="1">
  <reporter-output>
  </reporter-output>
  <suite name="Default suite" duration-ms="70737" started-at="2016-03-14T08:32:05Z" finished-at="2016-03-14T08:33:16Z">
    <groups>
    </groups>
    <test name="Default test" duration-ms="70737" started-at="2016-03-14T08:32:05Z" finished-at="2016-03-14T08:33:16Z">
      <class name="com.splashid.addRecordTest.AddRecordTest">
        <test-method status="PASS" signature="configureBeforeClass()[pri:0, instance:com.splashid.addRecordTest.AddRecordTest@5fe5c6f]" name="configureBeforeClass" is-config="true" duration-ms="7839" started-at="2016-03-14T14:02:05Z" finished-at="2016-03-14T14:02:13Z">
          <reporter-output>
          </reporter-output>
        </test-method> <!-- configureBeforeClass -->
        <test-method status="PASS" signature="configBeforeMethod()[pri:0, instance:com.splashid.addRecordTest.AddRecordTest@5fe5c6f]" name="configBeforeMethod" is-config="true" duration-ms="8848" started-at="2016-03-14T14:02:13Z" finished-at="2016-03-14T14:02:22Z">
          <reporter-output>
          </reporter-output>
        </test-method> <!-- configBeforeMethod -->
        <test-method status="PASS" signature="addNewRecordTest()[pri:0, instance:com.splashid.addRecordTest.AddRecordTest@5fe5c6f]" name="addNewRecordTest" duration-ms="51808" started-at="2016-03-14T14:02:22Z" finished-at="2016-03-14T14:03:13Z">
          <reporter-output>
          </reporter-output>
        </test-method> <!-- addNewRecordTest -->
        <test-method status="PASS" signature="configAfterMethod()[pri:0, instance:com.splashid.addRecordTest.AddRecordTest@5fe5c6f]" name="configAfterMethod" is-config="true" duration-ms="247" started-at="2016-03-14T14:03:13Z" finished-at="2016-03-14T14:03:14Z">
          <reporter-output>
          </reporter-output>
        </test-method> <!-- configAfterMethod -->
        <test-method status="PASS" signature="configAfterClass()[pri:0, instance:com.splashid.addRecordTest.AddRecordTest@5fe5c6f]" name="configAfterClass" is-config="true" duration-ms="1973" started-at="2016-03-14T14:03:14Z" finished-at="2016-03-14T14:03:16Z">
          <reporter-output>
          </reporter-output>
        </test-method> <!-- configAfterClass -->
      </class> <!-- com.splashid.addRecordTest.AddRecordTest -->
    </test> <!-- Default test -->
  </suite> <!-- Default suite -->
</testng-results>
